#
# There is insufficient memory for the Java Runtime Environment to continue.
# Native memory allocation (mmap) failed to map 268435456 bytes for G1 virtual space
# Possible reasons:
#   The system is out of physical RAM or swap space
#   The process is running with CompressedOops enabled, and the Java Heap may be blocking the growth of the native heap
# Possible solutions:
#   Reduce memory load on the system
#   Increase physical memory or swap space
#   Check if swap backing store is full
#   Decrease Java heap size (-Xmx/-Xms)
#   Decrease number of Java threads
#   Decrease Java thread stack sizes (-Xss)
#   Set larger code cache with -XX:ReservedCodeCacheSize=
#   JVM is running with Zero Based Compressed Oops mode in which the Java heap is
#     placed in the first 32GB address space. The Java Heap base address is the
#     maximum limit for the native heap growth. Please use -XX:HeapBaseMinAddress
#     to set the Java Heap base and to place the Java Heap above 32GB virtual address.
# This output file may be truncated or incomplete.
#
#  Out of Memory Error (os_windows.cpp:3559), pid=23616, tid=19848
#
# JRE version:  (17.0.7+7) (build )
# Java VM: OpenJDK 64-Bit Server VM (17.0.7+7, mixed mode, emulated-client, sharing, tiered, compressed oops, compressed class ptrs, g1 gc, windows-amd64)
# No core dump will be written. Minidumps are not enabled by default on client versions of Windows
#

---------------  S U M M A R Y ------------

Command Line: -Dcom.sun.management.jmxremote -Dcom.sun.management.jmxremote.port=64977 -Dcom.sun.management.jmxremote.authenticate=false -Dcom.sun.management.jmxremote.ssl=false -Djava.rmi.server.hostname=localhost -Dspring.jmx.enabled=true -Dmanagement.endpoints.jmx.exposure.include=* -Dspring.application.admin.enabled=true -XX:TieredStopAtLevel=1 -Dspring.boot.project.name=spring-la-mia-pizzeria-webapi -Dfile.encoding=UTF-8 -Dstdout.encoding=UTF-8 -Dstderr.encoding=UTF-8 -XX:+ShowCodeDetailsInExceptionMessages org.java.app.SpringLaMiaPizzeriaCrudApplication --spring.output.ansi.enabled=always

Host: Intel(R) Core(TM) i7-4790K CPU @ 4.00GHz, 8 cores, 15G,  Windows 10 , 64 bit Build 19041 (10.0.19041.3570)
Time: Tue Oct 17 12:10:26 2023 ora legale Europa occidentale elapsed time: 0.095387 seconds (0d 0h 0m 0s)

---------------  T H R E A D  ---------------

Current thread (0x000002432273a8d0):  JavaThread "Unknown thread" [_thread_in_vm, id=19848, stack(0x00000090e3700000,0x00000090e3800000)]

Stack: [0x00000090e3700000,0x00000090e3800000]
Native frames: (J=compiled Java code, j=interpreted, Vv=VM code, C=native code)
V  [jvm.dll+0x67754a]
V  [jvm.dll+0x834304]
V  [jvm.dll+0x835aae]
V  [jvm.dll+0x836113]
V  [jvm.dll+0x24696f]
V  [jvm.dll+0x6743f9]
V  [jvm.dll+0x668c8a]
V  [jvm.dll+0x3061bb]
V  [jvm.dll+0x30d6a6]
V  [jvm.dll+0x35cece]
V  [jvm.dll+0x35d0ff]
V  [jvm.dll+0x2dd048]
V  [jvm.dll+0x2ddfb4]
V  [jvm.dll+0x8066d1]
V  [jvm.dll+0x36ac91]
V  [jvm.dll+0x7e5cec]
V  [jvm.dll+0x3ed56f]
V  [jvm.dll+0x3ef0a1]
C  [jli.dll+0x528b]
C  [ucrtbase.dll+0x21bb2]
C  [KERNEL32.DLL+0x17344]
C  [ntdll.dll+0x526b1]


---------------  P R O C E S S  ---------------

Threads class SMR info:
_java_thread_list=0x00007fff75c77018, length=0, elements={
}

Java Threads: ( => current thread )

Other Threads:
  0x00000243227aba20 GCTaskThread "GC Thread#0" [stack: 0x00000090e3800000,0x00000090e3900000] [id=16592]
  0x00000243227bcf20 ConcurrentGCThread "G1 Main Marker" [stack: 0x00000090e3900000,0x00000090e3a00000] [id=27792]
  0x00000243227be850 ConcurrentGCThread "G1 Conc#0" [stack: 0x00000090e3a00000,0x00000090e3b00000] [id=14172]

[error occurred during error reporting (printing all threads), id 0xc0000005, EXCEPTION_ACCESS_VIOLATION (0xc0000005) at pc=0x00007fff7544daf7]

VM state: not at safepoint (not fully initialized)

VM Mutex/Monitor currently owned by a thread:  ([mutex/lock_event])
[0x0000024322735b30] Heap_lock - owner thread: 0x000002432273a8d0

Heap address: 0x0000000700e00000, size: 4082 MB, Compressed Oops mode: Zero based, Oop shift amount: 3

CDS archive(s) mapped at: [0x0000000000000000-0x0000000000000000-0x0000000000000000), size 0, SharedBaseAddress: 0x0000000800000000, ArchiveRelocationMode: 0.
Narrow klass base: 0x0000000000000000, Narrow klass shift: 0, Narrow klass range: 0x0

GC Precious Log:
<Empty>

Heap:
 garbage-first heap   total 0K, used 0K [0x0000000700e00000, 0x0000000800000000)
  region size 2048K, 0 young (0K), 0 survivors (0K)

[error occurred during error reporting (printing heap information), id 0xc0000005, EXCEPTION_ACCESS_VIOLATION (0xc0000005) at pc=0x00007fff75830db9]

GC Heap History (0 events):
No events

Dll operation events (1 events):
Event: 0.089 Loaded shared library C:\Users\Alessandro\Downloads\eclipse-jee-2023-06-R-win32-x86_64\eclipse\plugins\org.eclipse.justj.openjdk.hotspot.jre.full.win32.x86_64_17.0.7.v20230425-1502\jre\bin\java.dll

Deoptimization events (0 events):
No events

Classes unloaded (0 events):
No events

Classes redefined (0 events):
No events

Internal exceptions (0 events):
No events

VM Operations (0 events):
No events

Events (0 events):
No events


Dynamic libraries:
0x00007ff7d70b0000 - 0x00007ff7d70be000 	C:\Users\Alessandro\Downloads\eclipse-jee-2023-06-R-win32-x86_64\eclipse\plugins\org.eclipse.justj.openjdk.hotspot.jre.full.win32.x86_64_17.0.7.v20230425-1502\jre\bin\javaw.exe
0x00007fffc43d0000 - 0x00007fffc45c7000 	C:\WINDOWS\SYSTEM32\ntdll.dll
0x00007fffc3780000 - 0x00007fffc383d000 	C:\WINDOWS\System32\KERNEL32.DLL
0x00007fffc1c10000 - 0x00007fffc1f06000 	C:\WINDOWS\System32\KERNELBASE.dll
0x00007fffc20f0000 - 0x00007fffc21f0000 	C:\WINDOWS\System32\ucrtbase.dll
0x00007fffa1d60000 - 0x00007fffa1d79000 	C:\Users\Alessandro\Downloads\eclipse-jee-2023-06-R-win32-x86_64\eclipse\plugins\org.eclipse.justj.openjdk.hotspot.jre.full.win32.x86_64_17.0.7.v20230425-1502\jre\bin\VCRUNTIME140.dll
0x00007fffa1d40000 - 0x00007fffa1d57000 	C:\Users\Alessandro\Downloads\eclipse-jee-2023-06-R-win32-x86_64\eclipse\plugins\org.eclipse.justj.openjdk.hotspot.jre.full.win32.x86_64_17.0.7.v20230425-1502\jre\bin\jli.dll
0x00007fffc4150000 - 0x00007fffc42ee000 	C:\WINDOWS\System32\USER32.dll
0x00007fffc1f60000 - 0x00007fffc1f82000 	C:\WINDOWS\System32\win32u.dll
0x00007fffa5160000 - 0x00007fffa53fa000 	C:\WINDOWS\WinSxS\amd64_microsoft.windows.common-controls_6595b64144ccf1df_6.0.19041.3570_none_60bb2a3971f3e41a\COMCTL32.dll
0x00007fffc39c0000 - 0x00007fffc39ec000 	C:\WINDOWS\System32\GDI32.dll
0x00007fffc42f0000 - 0x00007fffc438e000 	C:\WINDOWS\System32\msvcrt.dll
0x00007fffc2260000 - 0x00007fffc237a000 	C:\WINDOWS\System32\gdi32full.dll
0x00007fffc1b70000 - 0x00007fffc1c0d000 	C:\WINDOWS\System32\msvcp_win.dll
0x00007fffc3290000 - 0x00007fffc32c0000 	C:\WINDOWS\System32\IMM32.DLL
0x00007fff97e20000 - 0x00007fff97e2c000 	C:\Users\Alessandro\Downloads\eclipse-jee-2023-06-R-win32-x86_64\eclipse\plugins\org.eclipse.justj.openjdk.hotspot.jre.full.win32.x86_64_17.0.7.v20230425-1502\jre\bin\vcruntime140_1.dll
0x00007fff8ee10000 - 0x00007fff8eea1000 	C:\Users\Alessandro\Downloads\eclipse-jee-2023-06-R-win32-x86_64\eclipse\plugins\org.eclipse.justj.openjdk.hotspot.jre.full.win32.x86_64_17.0.7.v20230425-1502\jre\bin\msvcp140.dll
0x00007fff75160000 - 0x00007fff75da8000 	C:\Users\Alessandro\Downloads\eclipse-jee-2023-06-R-win32-x86_64\eclipse\plugins\org.eclipse.justj.openjdk.hotspot.jre.full.win32.x86_64_17.0.7.v20230425-1502\jre\bin\server\jvm.dll
0x00007fffc3bc0000 - 0x00007fffc3c6e000 	C:\WINDOWS\System32\ADVAPI32.dll
0x00007fffc2840000 - 0x00007fffc28dc000 	C:\WINDOWS\System32\sechost.dll
0x00007fffc28e0000 - 0x00007fffc2a06000 	C:\WINDOWS\System32\RPCRT4.dll
0x00007fffaf600000 - 0x00007fffaf609000 	C:\WINDOWS\SYSTEM32\WSOCK32.dll
0x00007fffb0c10000 - 0x00007fffb0c37000 	C:\WINDOWS\SYSTEM32\WINMM.dll
0x00007fffc40e0000 - 0x00007fffc414b000 	C:\WINDOWS\System32\WS2_32.dll
0x00007fffb9560000 - 0x00007fffb956a000 	C:\WINDOWS\SYSTEM32\VERSION.dll
0x00007fffc0300000 - 0x00007fffc0312000 	C:\WINDOWS\SYSTEM32\kernel.appcore.dll
0x00007fff97e10000 - 0x00007fff97e1a000 	C:\Users\Alessandro\Downloads\eclipse-jee-2023-06-R-win32-x86_64\eclipse\plugins\org.eclipse.justj.openjdk.hotspot.jre.full.win32.x86_64_17.0.7.v20230425-1502\jre\bin\jimage.dll
0x00007fffb8d20000 - 0x00007fffb8f04000 	C:\WINDOWS\SYSTEM32\DBGHELP.DLL
0x00007fffb8c20000 - 0x00007fffb8c54000 	C:\WINDOWS\SYSTEM32\dbgcore.DLL
0x00007fffc1ab0000 - 0x00007fffc1b32000 	C:\WINDOWS\System32\bcryptPrimitives.dll
0x00007fff907d0000 - 0x00007fff907f5000 	C:\Users\Alessandro\Downloads\eclipse-jee-2023-06-R-win32-x86_64\eclipse\plugins\org.eclipse.justj.openjdk.hotspot.jre.full.win32.x86_64_17.0.7.v20230425-1502\jre\bin\java.dll

dbghelp: loaded successfully - version: 4.0.5 - missing functions: none
symbol engine: initialized successfully - sym options: 0x614 - pdb path: .;C:\Users\Alessandro\Downloads\eclipse-jee-2023-06-R-win32-x86_64\eclipse\plugins\org.eclipse.justj.openjdk.hotspot.jre.full.win32.x86_64_17.0.7.v20230425-1502\jre\bin;C:\WINDOWS\SYSTEM32;C:\WINDOWS\WinSxS\amd64_microsoft.windows.common-controls_6595b64144ccf1df_6.0.19041.3570_none_60bb2a3971f3e41a;C:\Users\Alessandro\Downloads\eclipse-jee-2023-06-R-win32-x86_64\eclipse\plugins\org.eclipse.justj.openjdk.hotspot.jre.full.win32.x86_64_17.0.7.v20230425-1502\jre\bin\server

VM Arguments:
jvm_args: -Dcom.sun.management.jmxremote -Dcom.sun.management.jmxremote.port=64977 -Dcom.sun.management.jmxremote.authenticate=false -Dcom.sun.management.jmxremote.ssl=false -Djava.rmi.server.hostname=localhost -Dspring.jmx.enabled=true -Dmanagement.endpoints.jmx.exposure.include=* -Dspring.application.admin.enabled=true -XX:TieredStopAtLevel=1 -Dspring.boot.project.name=spring-la-mia-pizzeria-webapi -Dfile.encoding=UTF-8 -Dstdout.encoding=UTF-8 -Dstderr.encoding=UTF-8 -XX:+ShowCodeDetailsInExceptionMessages 
java_command: org.java.app.SpringLaMiaPizzeriaCrudApplication --spring.output.ansi.enabled=always
java_class_path (initial): C:\Users\Alessandro\Desktop\Java\spring-la-mia-pizzeria-webapi\target\classes;C:\Users\Alessandro\.m2\repository\org\springframework\boot\spring-boot-starter-thymeleaf\3.1.4\spring-boot-starter-thymeleaf-3.1.4.jar;C:\Users\Alessandro\.m2\repository\org\springframework\boot\spring-boot-starter\3.1.4\spring-boot-starter-3.1.4.jar;C:\Users\Alessandro\.m2\repository\org\springframework\boot\spring-boot-starter-logging\3.1.4\spring-boot-starter-logging-3.1.4.jar;C:\Users\Alessandro\.m2\repository\ch\qos\logback\logback-classic\1.4.11\logback-classic-1.4.11.jar;C:\Users\Alessandro\.m2\repository\ch\qos\logback\logback-core\1.4.11\logback-core-1.4.11.jar;C:\Users\Alessandro\.m2\repository\org\apache\logging\log4j\log4j-to-slf4j\2.20.0\log4j-to-slf4j-2.20.0.jar;C:\Users\Alessandro\.m2\repository\org\apache\logging\log4j\log4j-api\2.20.0\log4j-api-2.20.0.jar;C:\Users\Alessandro\.m2\repository\org\slf4j\jul-to-slf4j\2.0.9\jul-to-slf4j-2.0.9.jar;C:\Users\Alessandro\.m2\repository\jakarta\annotation\jakarta.annotation-api\2.1.1\jakarta.annotation-api-2.1.1.jar;C:\Users\Alessandro\.m2\repository\org\yaml\snakeyaml\1.33\snakeyaml-1.33.jar;C:\Users\Alessandro\.m2\repository\org\thymeleaf\thymeleaf-spring6\3.1.2.RELEASE\thymeleaf-spring6-3.1.2.RELEASE.jar;C:\Users\Alessandro\.m2\repository\org\thymeleaf\thymeleaf\3.1.2.RELEASE\thymeleaf-3.1.2.RELEASE.jar;C:\Users\Alessandro\.m2\repository\org\attoparser\attoparser\2.0.7.RELEASE\attoparser-2.0.7.RELEASE.jar;C:\Users\Alessandro\.m2\repository\org\unbescape\unbescape\1.1.6.RELEASE\unbescape-1.1.6.RELEASE.jar;C:\Users\Alessandro\.m2\repository\org\springframework\boot\spring-boot-starter-web\3.1.4\spring-boot-starter-web-3.1.4.jar;C:\Users\Alessandro\.m2\repository\org\springframework\boot\spring-boot-starter-json\3.1.4\spring-boot-starter-json-3.1.4.jar;C:\Users\Alessandro\.m2\repository\com\fasterxml\jackson\core\jackson-databind\2.15.2\jackson-databind-2.15.2.jar;C:\Users\Alessandro\.m2\repository\com\fa
Launcher Type: SUN_STANDARD

[Global flags]
     intx CICompilerCount                          = 4                                         {product} {ergonomic}
     uint ConcGCThreads                            = 2                                         {product} {ergonomic}
     uint G1ConcRefinementThreads                  = 8                                         {product} {ergonomic}
   size_t G1HeapRegionSize                         = 2097152                                   {product} {ergonomic}
    uintx GCDrainStackTargetSize                   = 64                                        {product} {ergonomic}
   size_t InitialHeapSize                          = 268435456                                 {product} {ergonomic}
     bool ManagementServer                         = true                                      {product} {command line}
   size_t MarkStackSize                            = 4194304                                   {product} {ergonomic}
   size_t MaxHeapSize                              = 4280287232                                {product} {ergonomic}
   size_t MinHeapDeltaBytes                        = 2097152                                   {product} {ergonomic}
   size_t MinHeapSize                              = 8388608                                   {product} {ergonomic}
    uintx NonProfiledCodeHeapSize                  = 0                                      {pd product} {ergonomic}
     bool ProfileInterpreter                       = false                                  {pd product} {command line}
    uintx ProfiledCodeHeapSize                     = 0                                      {pd product} {ergonomic}
     bool ShowCodeDetailsInExceptionMessages       = true                                   {manageable} {command line}
   size_t SoftMaxHeapSize                          = 4280287232                             {manageable} {ergonomic}
     intx TieredStopAtLevel                        = 1                                         {product} {command line}
     bool UseCompressedClassPointers               = true                           {product lp64_product} {ergonomic}
     bool UseCompressedOops                        = true                           {product lp64_product} {ergonomic}
     bool UseG1GC                                  = true                                      {product} {ergonomic}
     bool UseLargePagesIndividualAllocation        = false                                  {pd product} {ergonomic}

Logging:
Log output configuration:
 #0: stdout all=warning uptime,level,tags
 #1: stderr all=off uptime,level,tags

Environment Variables:
PATH=C:/Users/Alessandro/Downloads/eclipse-jee-2023-06-R-win32-x86_64/eclipse//plugins/org.eclipse.justj.openjdk.hotspot.jre.full.win32.x86_64_17.0.8.v20230831-1047/jre/bin/server;C:/Users/Alessandro/Downloads/eclipse-jee-2023-06-R-win32-x86_64/eclipse//plugins/org.eclipse.justj.openjdk.hotspot.jre.full.win32.x86_64_17.0.8.v20230831-1047/jre/bin;C:\Program Files\Smart Projects\IsoBuster;C:\ProgramData\Oracle\Java\javapath;C:\Windows\system32;C:\Windows;C:\Windows\System32\Wbem;C:\Windows\System32\WindowsPowerShell\v1.0\;C:\Program Files (x86)\NVIDIA Corporation\PhysX\Common;C:\WINDOWS\system32;C:\WINDOWS;C:\WINDOWS\System32\Wbem;C:\WINDOWS\System32\WindowsPowerShell\v1.0\;C:\WINDOWS\System32\OpenSSH\;C:\Program Files\nodejs\;C:\Program Files (x86)\dotnet\;C:\MAMP\bin\php\php8.1.0;C:\ProgramData\ComposerSetup\bin;C:\Program Files\Git\cmd;C:\Users\Alessandro\AppData\Local\Microsoft\WindowsApps;C:\Users\Alessandro\AppData\Local\Programs\OCTGN\;C:\Users\Alessandro\AppData\Roaming\npm;C:\Users\Alessandro\AppData\Roaming\Composer\vendor\bin;C:\Users\Alessandro\Downloads\eclipse-jee-2023-06-R-win32-x86_64\eclipse;
USERNAME=Alessandro
OS=Windows_NT
PROCESSOR_IDENTIFIER=Intel64 Family 6 Model 60 Stepping 3, GenuineIntel
TMP=C:\Users\Alessandro\AppData\Local\Temp
TEMP=C:\Users\Alessandro\AppData\Local\Temp



---------------  S Y S T E M  ---------------

OS:
 Windows 10 , 64 bit Build 19041 (10.0.19041.3570)
OS uptime: 5 days 16:52 hours

CPU: total 8 (initial active 8) (4 cores per cpu, 2 threads per core) family 6 model 60 stepping 3 microcode 0x27, cx8, cmov, fxsr, ht, mmx, sse, sse2, sse3, ssse3, sse4.1, sse4.2, popcnt, lzcnt, tsc, tscinvbit, avx, avx2, aes, erms, clmul, bmi1, bmi2, fma, vzeroupper, clflush

Memory: 4k page, system-wide physical 16326M (6120M free)
TotalPageFile size 17350M (AvailPageFile size 71M)
current process WorkingSet (physical memory assigned to process): 10M, peak: 10M
current process commit charge ("private bytes"): 55M, peak: 311M

vm_info: OpenJDK 64-Bit Server VM (17.0.7+7) for windows-amd64 JRE (17.0.7+7), built on Apr 18 2023 22:10:42 by "temurin" with MS VC++ 16.7 (VS2019)

END.
